npm ERR! Linux 4.10.0-32-generic
npm ERR! argv "/usr/bin/nodejs" "/usr/bin/npm" "start"
npm ERR! node v4.2.6
npm ERR! npm  v3.5.2

npm ERR! missing script: start
npm ERR! 
npm ERR! If you need help, you may report this error at:
npm ERR!     <https://github.com/npm/npm/issues>

npm ERR! Please include the following file with any support request:
npm ERR!     /home/bibek/bs-workspace/nodejs/sample/npm-debug.log

> sample@1.0.0 start /home/bibek/bs-workspace/nodejs/sample
> node index.js

Hellodjsahjdkahskjhsadkhk
Hellodjsahjdkahskjhsadkhk
Hellodjsahjdkahskjhsadkhk
Hellodjsahjdkahskjhsadkhk
Hellodjsahjdkahskjhsadkhk
Hellodjsahjdkahskjhsadkhk
Hellodjsahjdkahskjhsadkhk
Hellodjsahjdkahskjhsadkhk
Hellodjsahjdkahskjhsadkhk
Hellodjsahjdkahskjhsadkhk
Hellodjsahjdkahskjhsadkhk
Hellodjsahjdkahskjhsadkhk
Hellodjsahjdkahskjhsadkhk
Hellodjsahjdkahskjhsadkhk
Hellodjsahjdkahskjhsadkhk
Hellodjsahjdkahskjhsadkhk
Hellodjsahjdkahskjhsadkhk
Hellodjsahjdkahskjhsadkhk
Hellodjsahjdkahskjhsadkhk
Hellodjsahjdkahskjhsadkhk
Hellodjsahjdkahskjhsadkhk
Hellodjsahjdkahskjhsadkhk
Hellodjsahjdkahskjhsadkhk
Hellodjsahjdkahskjhsadkhk
Hellodjsahjdkahskjhsadkhk
Hellodjsahjdkahskjhsadkhk
Hellodjsahjdkahskjhsadkhk
Hellodjsahjdkahskjhsadkhk
Hellodjsahjdkahskjhsadkhk
Hellodjsahjdkahskjhsadkhk
Hellodjsahjdkahskjhsadkhk
Hellodjsahjdkahskjhsadkhk
Hellodjsahjdkahskjhsadkhk
Hellodjsahjdkahskjhsadkhk
Hellodjsahjdkahskjhsadkhk
Hellodjsahjdkahskjhsadkhk
Hellodjsahjdkahskjhsadkhk
Hellodjsahjdkahskjhsadkhk
Hellodjsahjdkahskjhsadkhk
Hellodjsahjdkahskjhsadkhk
Hellodjsahjdkahskjhsadkhk
Hellodjsahjdkahskjhsadkhk
Hellodjsahjdkahskjhsadkhk
Hellodjsahjdkahskjhsadkhk
Hellodjsahjdkahskjhsadkhk
Hellodjsahjdkahskjhsadkhk
Hellodjsahjdkahskjhsadkhk
Hellodjsahjdkahskjhsadkhk
Hellodjsahjdkahskjhsadkhk
Hellodjsahjdkahskjhsadkhk
Hellodjsahjdkahskjhsadkhk
Hellodjsahjdkahskjhsadkhk
Hellodjsahjdkahskjhsadkhk
Hellodjsahjdkahskjhsadkhk
Hellodjsahjdkahskjhsadkhk
Hellodjsahjdkahskjhsadkhk
Hellodjsahjdkahskjhsadkhk
Hellodjsahjdkahskjhsadkhk
Hellodjsahjdkahskjhsadkhk
Hellodjsahjdkahskjhsadkhk
Hellodjsahjdkahskjhsadkhk
Hellodjsahjdkahskjhsadkhk
Hellodjsahjdkahskjhsadkhk
Hellodjsahjdkahskjhsadkhk
Hellodjsahjdkahskjhsadkhk
Hellodjsahjdkahskjhsadkhk
Hellodjsahjdkahskjhsadkhk
Hellodjsahjdkahskjhsadkhk
Hellodjsahjdkahskjhsadkhk
Hellodjsahjdkahskjhsadkhk
Hellodjsahjdkahskjhsadkhk
Hellodjsahjdkahskjhsadkhk
Hellodjsahjdkahskjhsadkhk
Hellodjsahjdkahskjhsadkhk
Hellodjsahjdkahskjhsadkhk
Hellodjsahjdkahskjhsadkhk
Hellodjsahjdkahskjhsadkhk
Hellodjsahjdkahskjhsadkhk
Hellodjsahjdkahskjhsadkhk
Hellodjsahjdkahskjhsadkhk
Hellodjsahjdkahskjhsadkhk
Hellodjsahjdkahskjhsadkhk
Hellodjsahjdkahskjhsadkhk
Hellodjsahjdkahskjhsadkhk
Hellodjsahjdkahskjhsadkhk
Hellodjsahjdkahskjhsadkhk
Hellodjsahjdkahskjhsadkhk
Hellodjsahjdkahskjhsadkhk
Hellodjsahjdkahskjhsadkhk
Hellodjsahjdkahskjhsadkhk
Hellodjsahjdkahskjhsadkhk
Hellodjsahjdkahskjhsadkhk
Hellodjsahjdkahskjhsadkhk
Hellodjsahjdkahskjhsadkhk
Hellodjsahjdkahskjhsadkhk
Hellodjsahjdkahskjhsadkhk
Hellodjsahjdkahskjhsadkhk
Hellodjsahjdkahskjhsadkhk
Hellodjsahjdkahskjhsadkhk
Hellodjsahjdkahskjhsadkhk
Hellodjsahjdkahskjhsadkhk
Hellodjsahjdkahskjhsadkhk
Hellodjsahjdkahskjhsadkhk
Hellodjsahjdkahskjhsadkhk
Hellodjsahjdkahskjhsadkhk
Hellodjsahjdkahskjhsadkhk
Hellodjsahjdkahskjhsadkhk
Hellodjsahjdkahskjhsadkhk
Hellodjsahjdkahskjhsadkhk
Hellodjsahjdkahskjhsadkhk
Hellodjsahjdkahskjhsadkhk
Hellodjsahjdkahskjhsadkhk
Hellodjsahjdkahskjhsadkhk
Hellodjsahjdkahskjhsadkhk
Hellodjsahjdkahskjhsadkhk
Hellodjsahjdkahskjhsadkhk
Hellodjsahjdkahskjhsadkhk
Hellodjsahjdkahskjhsadkhk
Hellodjsahjdkahskjhsadkhk
Hellodjsahjdkahskjhsadkhk
Hellodjsahjdkahskjhsadkhk
Hellodjsahjdkahskjhsadkhk
Hellodjsahjdkahskjhsadkhk
Hellodjsahjdkahskjhsadkhk
Hellodjsahjdkahskjhsadkhk
Hellodjsahjdkahskjhsadkhk
Hellodjsahjdkahskjhsadkhk
Hellodjsahjdkahskjhsadkhk
